TN:
SF:/home/runner/work/mrf345.github.io/mrf345.github.io/src/globas.ts
FNF:0
FNH:0
DA:4,3
DA:9,3
LF:2
LH:2
BRF:0
BRH:0
end_of_record
TN:
SF:/home/runner/work/mrf345.github.io/mrf345.github.io/src/index.tsx
FN:29,(anonymous_0)
FN:37,(anonymous_1)
FN:41,(anonymous_2)
FN:41,(anonymous_3)
FN:42,(anonymous_4)
FN:43,(anonymous_5)
FN:47,(anonymous_6)
FNF:7
FNH:0
FNDA:0,(anonymous_0)
FNDA:0,(anonymous_1)
FNDA:0,(anonymous_2)
FNDA:0,(anonymous_3)
FNDA:0,(anonymous_4)
FNDA:0,(anonymous_5)
FNDA:0,(anonymous_6)
DA:30,0
DA:32,0
DA:38,0
DA:41,0
DA:42,0
DA:43,0
DA:48,0
DA:95,0
DA:96,0
LF:9
LH:0
BRDA:44,0,0,0
BRDA:44,0,1,0
BRF:2
BRH:0
end_of_record
TN:
SF:/home/runner/work/mrf345.github.io/mrf345.github.io/src/serviceWorker.ts
FN:28,register
FN:42,(anonymous_1)
FN:51,(anonymous_2)
FN:65,registerValidSW
FN:68,(anonymous_4)
FN:69,(anonymous_5)
FN:74,(anonymous_6)
FN:104,(anonymous_7)
FN:109,checkValidServiceWorker
FN:114,(anonymous_9)
FN:122,(anonymous_10)
FN:123,(anonymous_11)
FN:132,(anonymous_12)
FN:139,unregister
FN:142,(anonymous_14)
FN:145,(anonymous_15)
FNF:16
FNH:0
FNDA:0,register
FNDA:0,(anonymous_1)
FNDA:0,(anonymous_2)
FNDA:0,registerValidSW
FNDA:0,(anonymous_4)
FNDA:0,(anonymous_5)
FNDA:0,(anonymous_6)
FNDA:0,(anonymous_7)
FNDA:0,checkValidServiceWorker
FNDA:0,(anonymous_9)
FNDA:0,(anonymous_10)
FNDA:0,(anonymous_11)
FNDA:0,(anonymous_12)
FNDA:0,unregister
FNDA:0,(anonymous_14)
FNDA:0,(anonymous_15)
DA:13,0
DA:29,0
DA:31,0
DA:35,0
DA:39,0
DA:42,0
DA:43,0
DA:45,0
DA:47,0
DA:51,0
DA:52,0
DA:59,0
DA:66,0
DA:69,0
DA:70,0
DA:71,0
DA:72,0
DA:74,0
DA:75,0
DA:76,0
DA:80,0
DA:86,0
DA:87,0
DA:93,0
DA:96,0
DA:97,0
DA:105,0
DA:111,0
DA:116,0
DA:117,0
DA:122,0
DA:123,0
DA:124,0
DA:129,0
DA:133,0
DA:140,0
DA:141,0
DA:143,0
DA:146,0
LF:39
LH:0
BRDA:14,0,0,0
BRDA:14,0,1,0
BRDA:14,0,2,0
BRDA:29,1,0,0
BRDA:29,1,1,0
BRDA:29,2,0,0
BRDA:29,2,1,0
BRDA:35,3,0,0
BRDA:35,3,1,0
BRDA:45,4,0,0
BRDA:45,4,1,0
BRDA:71,5,0,0
BRDA:71,5,1,0
BRDA:75,6,0,0
BRDA:75,6,1,0
BRDA:76,7,0,0
BRDA:76,7,1,0
BRDA:86,8,0,0
BRDA:86,8,1,0
BRDA:86,9,0,0
BRDA:86,9,1,0
BRDA:96,10,0,0
BRDA:96,10,1,0
BRDA:96,11,0,0
BRDA:96,11,1,0
BRDA:117,12,0,0
BRDA:117,12,1,0
BRDA:118,13,0,0
BRDA:118,13,1,0
BRDA:118,13,2,0
BRDA:140,14,0,0
BRDA:140,14,1,0
BRF:32
BRH:0
end_of_record
TN:
SF:/home/runner/work/mrf345.github.io/mrf345.github.io/src/utils.ts
FN:4,getChunks
FN:5,(anonymous_1)
FN:11,isEmpty
FN:20,gitLink
FN:29,sortReposByLikes
FN:30,(anonymous_5)
FNF:6
FNH:2
FNDA:2,getChunks
FNDA:10,(anonymous_1)
FNDA:0,isEmpty
FNDA:0,gitLink
FNDA:0,sortReposByLikes
FNDA:0,(anonymous_5)
DA:5,10
DA:12,0
DA:21,0
DA:30,0
LF:4
LH:1
BRDA:5,0,0,4
BRDA:5,0,1,6
BRDA:12,1,0,0
BRDA:12,1,1,0
BRDA:13,2,0,0
BRDA:13,2,1,0
BRDA:20,3,0,0
BRDA:20,4,0,0
BRDA:20,5,0,0
BRDA:21,6,0,0
BRDA:21,6,1,0
BRDA:22,7,0,0
BRDA:22,7,1,0
BRF:13
BRH:2
end_of_record
TN:
SF:/home/runner/work/mrf345.github.io/mrf345.github.io/src/components/Animate.tsx
FN:12,(anonymous_0)
FNF:1
FNH:1
FNDA:11,(anonymous_0)
DA:13,11
LF:1
LH:1
BRDA:13,0,0,11
BRDA:13,0,1,0
BRF:2
BRH:1
end_of_record
TN:
SF:/home/runner/work/mrf345.github.io/mrf345.github.io/src/components/Cursor.tsx
FN:8,(anonymous_0)
FNF:1
FNH:1
FNDA:1,(anonymous_0)
DA:9,1
LF:1
LH:1
BRF:0
BRH:0
end_of_record
TN:
SF:/home/runner/work/mrf345.github.io/mrf345.github.io/src/components/Loading.tsx
FN:10,(anonymous_0)
FNF:1
FNH:0
FNDA:0,(anonymous_0)
DA:11,0
LF:1
LH:0
BRF:0
BRH:0
end_of_record
TN:
SF:/home/runner/work/mrf345.github.io/mrf345.github.io/src/components/Panel.tsx
FN:39,(anonymous_0)
FN:45,(anonymous_1)
FN:52,(anonymous_2)
FN:60,(anonymous_3)
FNF:4
FNH:2
FNDA:11,(anonymous_0)
FNDA:0,(anonymous_1)
FNDA:0,(anonymous_2)
FNDA:11,(anonymous_3)
DA:37,3
DA:40,11
DA:42,11
DA:45,11
DA:46,0
DA:48,0
DA:49,0
DA:50,0
DA:51,0
DA:52,0
DA:53,0
DA:54,0
DA:57,0
DA:62,11
DA:63,11
DA:65,11
LF:16
LH:7
BRDA:48,0,0,0
BRDA:48,0,1,0
BRDA:50,1,0,0
BRDA:50,1,1,0
BRDA:50,2,0,0
BRDA:50,2,1,0
BRDA:50,2,2,0
BRDA:63,3,0,11
BRDA:63,3,1,0
BRDA:70,4,0,10
BRDA:70,4,1,1
BRDA:79,5,0,11
BRDA:79,5,1,5
BRDA:80,6,0,11
BRDA:80,6,1,5
BRDA:87,7,0,11
BRDA:87,7,1,6
BRDA:89,8,0,6
BRDA:89,8,1,5
BRDA:90,9,0,6
BRDA:90,9,1,5
BRDA:91,10,0,6
BRDA:91,10,1,0
BRF:23
BRH:14
end_of_record
TN:
SF:/home/runner/work/mrf345.github.io/mrf345.github.io/src/components/Top.tsx
FN:13,(anonymous_0)
FN:19,(anonymous_1)
FN:24,(anonymous_2)
FN:29,(anonymous_3)
FN:30,(anonymous_4)
FN:31,(anonymous_5)
FN:32,(anonymous_6)
FN:34,(anonymous_7)
FNF:8
FNH:0
FNDA:0,(anonymous_0)
FNDA:0,(anonymous_1)
FNDA:0,(anonymous_2)
FNDA:0,(anonymous_3)
FNDA:0,(anonymous_4)
FNDA:0,(anonymous_5)
FNDA:0,(anonymous_6)
FNDA:0,(anonymous_7)
DA:14,0
DA:16,0
DA:20,0
DA:21,0
DA:25,0
DA:26,0
DA:29,0
DA:30,0
DA:31,0
DA:32,0
DA:35,0
LF:11
LH:0
BRDA:31,0,0,0
BRDA:31,0,1,0
BRDA:36,1,0,0
BRDA:36,1,1,0
BRDA:38,2,0,0
BRDA:38,2,1,0
BRF:6
BRH:0
end_of_record
TN:
SF:/home/runner/work/mrf345.github.io/mrf345.github.io/src/containers/ErrorHandler.tsx
FN:11,(anonymous_0)
FN:17,(anonymous_1)
FN:21,(anonymous_2)
FN:29,(anonymous_3)
FNF:4
FNH:4
FNDA:1,(anonymous_0)
FNDA:1,(anonymous_1)
FNDA:2,(anonymous_2)
FNDA:1,(anonymous_3)
DA:12,1
DA:14,1
DA:18,1
DA:22,2
DA:29,1
LF:5
LH:5
BRDA:22,0,0,1
BRDA:22,0,1,1
BRF:2
BRH:2
end_of_record
TN:
SF:/home/runner/work/mrf345.github.io/mrf345.github.io/src/containers/Following.tsx
FN:19,(anonymous_0)
FN:24,(anonymous_1)
FN:28,(anonymous_2)
FN:30,(anonymous_3)
FN:49,(anonymous_4)
FNF:5
FNH:5
FNDA:1,(anonymous_0)
FNDA:1,(anonymous_1)
FNDA:2,(anonymous_2)
FNDA:5,(anonymous_3)
FNDA:1,(anonymous_4)
DA:20,1
DA:21,1
DA:25,1
DA:27,1
DA:29,2
DA:30,5
DA:49,1
LF:7
LH:7
BRF:0
BRH:0
end_of_record
TN:
SF:/home/runner/work/mrf345.github.io/mrf345.github.io/src/containers/Footer.tsx
FN:5,(anonymous_0)
FNF:1
FNH:1
FNDA:1,(anonymous_0)
DA:6,1
LF:1
LH:1
BRF:0
BRH:0
end_of_record
TN:
SF:/home/runner/work/mrf345.github.io/mrf345.github.io/src/containers/Intro.tsx
FN:18,navLink
FN:27,(anonymous_1)
FN:31,(anonymous_2)
FN:60,(anonymous_3)
FNF:4
FNH:4
FNDA:2,navLink
FNDA:1,(anonymous_1)
FNDA:1,(anonymous_2)
FNDA:1,(anonymous_3)
DA:19,2
DA:28,1
DA:32,1
DA:60,1
LF:4
LH:4
BRF:0
BRH:0
end_of_record
TN:
SF:/home/runner/work/mrf345.github.io/mrf345.github.io/src/containers/LoadingContainer.tsx
FN:15,(anonymous_0)
FN:34,(anonymous_1)
FN:46,(anonymous_2)
FNF:3
FNH:3
FNDA:1,(anonymous_0)
FNDA:1,(anonymous_1)
FNDA:1,(anonymous_2)
DA:16,1
DA:18,1
DA:20,0
DA:22,0
DA:24,0
DA:26,0
DA:28,1
DA:30,0
DA:35,1
DA:46,1
LF:10
LH:5
BRDA:16,0,0,1
BRDA:16,0,1,1
BRDA:18,1,0,0
BRDA:18,1,1,0
BRDA:18,1,2,0
BRDA:18,1,3,0
BRDA:18,1,4,1
BRDA:18,1,5,0
BRDA:37,2,0,0
BRDA:37,2,1,1
BRF:10
BRH:4
end_of_record
TN:
SF:/home/runner/work/mrf345.github.io/mrf345.github.io/src/containers/Navigation.tsx
FN:27,(anonymous_0)
FN:35,(anonymous_1)
FN:41,(anonymous_2)
FN:45,(anonymous_3)
FN:49,(anonymous_4)
FN:53,(anonymous_5)
FN:61,(anonymous_6)
FN:65,(anonymous_7)
FN:73,(anonymous_8)
FN:94,(anonymous_9)
FNF:10
FNH:0
FNDA:0,(anonymous_0)
FNDA:0,(anonymous_1)
FNDA:0,(anonymous_2)
FNDA:0,(anonymous_3)
FNDA:0,(anonymous_4)
FNDA:0,(anonymous_5)
FNDA:0,(anonymous_6)
FNDA:0,(anonymous_7)
FNDA:0,(anonymous_8)
FNDA:0,(anonymous_9)
DA:27,0
DA:28,0
DA:36,0
DA:38,0
DA:42,0
DA:46,0
DA:50,0
DA:53,0
DA:54,0
DA:55,0
DA:57,0
DA:58,0
DA:61,0
DA:62,0
DA:63,0
DA:65,0
DA:66,0
DA:67,0
DA:68,0
DA:74,0
DA:94,0
LF:21
LH:0
BRDA:46,0,0,0
BRDA:46,0,1,0
BRDA:66,1,0,0
BRDA:66,1,1,0
BRDA:129,2,0,0
BRDA:129,2,1,0
BRDA:133,3,0,0
BRDA:133,3,1,0
BRF:8
BRH:0
end_of_record
TN:
SF:/home/runner/work/mrf345.github.io/mrf345.github.io/src/containers/Projects.tsx
FN:22,(anonymous_0)
FN:27,(anonymous_1)
FN:31,(anonymous_2)
FN:32,(anonymous_3)
FN:34,(anonymous_4)
FN:55,(anonymous_5)
FN:56,(anonymous_6)
FN:57,(anonymous_7)
FNF:8
FNH:6
FNDA:1,(anonymous_0)
FNDA:1,(anonymous_1)
FNDA:5,(anonymous_2)
FNDA:2,(anonymous_3)
FNDA:5,(anonymous_4)
FNDA:0,(anonymous_5)
FNDA:1,(anonymous_6)
FNDA:0,(anonymous_7)
DA:23,1
DA:24,1
DA:28,1
DA:30,1
DA:31,5
DA:33,2
DA:34,5
DA:55,1
DA:56,1
DA:57,1
LF:10
LH:10
BRDA:46,0,0,5
BRDA:46,0,1,0
BRF:2
BRH:1
end_of_record
TN:
SF:/home/runner/work/mrf345.github.io/mrf345.github.io/src/state/actions.ts
FN:4,getInfo
FN:9,getRepos
FN:14,getFollowing
FN:19,getStarred
FN:24,getContributions
FN:29,resyncData
FN:34,dataSynced
FNF:7
FNH:0
FNDA:0,getInfo
FNDA:0,getRepos
FNDA:0,getFollowing
FNDA:0,getStarred
FNDA:0,getContributions
FNDA:0,resyncData
FNDA:0,dataSynced
DA:5,0
DA:10,0
DA:15,0
DA:20,0
DA:25,0
DA:30,0
DA:35,0
LF:7
LH:0
BRF:0
BRH:0
end_of_record
TN:
SF:/home/runner/work/mrf345.github.io/mrf345.github.io/src/state/constants.ts
FNF:0
FNH:0
DA:1,0
DA:2,0
DA:3,0
DA:4,0
DA:5,0
DA:6,0
DA:7,0
DA:8,0
DA:9,0
DA:10,0
DA:11,0
DA:12,0
DA:13,0
DA:14,0
LF:14
LH:0
BRF:0
BRH:0
end_of_record
TN:
SF:/home/runner/work/mrf345.github.io/mrf345.github.io/src/state/middleware.ts
FN:5,fetchOnlyIfNeeded
FN:6,(anonymous_1)
FN:7,(anonymous_2)
FNF:3
FNH:0
FNDA:0,fetchOnlyIfNeeded
FNDA:0,(anonymous_1)
FNDA:0,(anonymous_2)
DA:6,0
DA:7,0
DA:8,0
DA:10,0
DA:12,0
DA:13,0
DA:15,0
DA:16,0
DA:18,0
DA:19,0
DA:21,0
DA:22,0
DA:25,0
LF:13
LH:0
BRDA:10,0,0,0
BRDA:10,0,1,0
BRDA:10,1,0,0
BRDA:10,1,1,0
BRDA:10,1,2,0
BRDA:10,1,3,0
BRDA:12,2,0,0
BRDA:12,2,1,0
BRDA:15,3,0,0
BRDA:15,3,1,0
BRDA:18,4,0,0
BRDA:18,4,1,0
BRDA:21,5,0,0
BRDA:21,5,1,0
BRF:14
BRH:0
end_of_record
TN:
SF:/home/runner/work/mrf345.github.io/mrf345.github.io/src/state/reducers.ts
FN:22,main
FNF:1
FNH:0
FNDA:0,main
DA:6,0
DA:23,0
DA:25,0
DA:27,0
DA:29,0
DA:31,0
DA:33,0
DA:35,0
DA:37,0
DA:40,0
DA:43,0
DA:46,0
DA:49,0
DA:52,0
DA:54,0
DA:56,0
DA:58,0
DA:60,0
LF:18
LH:0
BRDA:22,0,0,0
BRDA:25,1,0,0
BRDA:25,1,1,0
BRDA:25,1,2,0
BRDA:25,1,3,0
BRDA:25,1,4,0
BRDA:25,1,5,0
BRDA:25,1,6,0
BRDA:25,1,7,0
BRDA:25,1,8,0
BRDA:25,1,9,0
BRDA:25,1,10,0
BRDA:25,1,11,0
BRDA:25,1,12,0
BRDA:25,1,13,0
BRDA:25,1,14,0
BRF:16
BRH:0
end_of_record
TN:
SF:/home/runner/work/mrf345.github.io/mrf345.github.io/src/state/sagas.ts
FN:11,gitFetcher
FN:15,(anonymous_1)
FN:16,recursFetching
FN:18,(anonymous_3)
FN:19,(anonymous_4)
FN:27,(anonymous_5)
FN:35,watchInfo
FN:36,(anonymous_7)
FN:38,(anonymous_8)
FN:48,watchRepos
FN:49,(anonymous_10)
FN:51,(anonymous_11)
FN:61,watchFollowing
FN:62,(anonymous_13)
FN:64,(anonymous_14)
FN:74,watchStarred
FN:75,(anonymous_16)
FN:77,(anonymous_17)
FN:87,watchContributions
FN:90,(anonymous_19)
FN:92,(anonymous_20)
FN:93,(anonymous_21)
FN:96,(anonymous_22)
FN:97,(anonymous_23)
FN:98,(anonymous_24)
FN:100,(anonymous_25)
FN:101,(anonymous_26)
FNF:27
FNH:0
FNDA:0,gitFetcher
FNDA:0,(anonymous_1)
FNDA:0,recursFetching
FNDA:0,(anonymous_3)
FNDA:0,(anonymous_4)
FNDA:0,(anonymous_5)
FNDA:0,watchInfo
FNDA:0,(anonymous_7)
FNDA:0,(anonymous_8)
FNDA:0,watchRepos
FNDA:0,(anonymous_10)
FNDA:0,(anonymous_11)
FNDA:0,watchFollowing
FNDA:0,(anonymous_13)
FNDA:0,(anonymous_14)
FNDA:0,watchStarred
FNDA:0,(anonymous_16)
FNDA:0,(anonymous_17)
FNDA:0,watchContributions
FNDA:0,(anonymous_19)
FNDA:0,(anonymous_20)
FNDA:0,(anonymous_21)
FNDA:0,(anonymous_22)
FNDA:0,(anonymous_23)
FNDA:0,(anonymous_24)
FNDA:0,(anonymous_25)
FNDA:0,(anonymous_26)
DA:12,0
DA:15,0
DA:17,0
DA:18,0
DA:20,0
DA:21,0
DA:23,0
DA:24,0
DA:25,0
DA:26,0
DA:27,0
DA:30,0
DA:36,0
DA:37,0
DA:38,0
DA:40,0
DA:42,0
DA:49,0
DA:50,0
DA:51,0
DA:53,0
DA:55,0
DA:62,0
DA:63,0
DA:64,0
DA:66,0
DA:68,0
DA:75,0
DA:76,0
DA:77,0
DA:79,0
DA:81,0
DA:88,0
DA:90,0
DA:91,0
DA:92,0
DA:93,0
DA:95,0
DA:96,0
DA:97,0
DA:99,0
DA:100,0
DA:102,0
DA:105,0
DA:108,0
DA:111,0
LF:46
LH:0
BRDA:11,0,0,0
BRDA:11,1,0,0
BRDA:16,2,0,0
BRDA:16,3,0,0
BRDA:20,4,0,0
BRDA:20,4,1,0
BRDA:21,5,0,0
BRDA:21,5,1,0
BRDA:23,6,0,0
BRDA:23,6,1,0
BRDA:23,7,0,0
BRDA:23,7,1,0
BRDA:95,8,0,0
BRDA:95,8,1,0
BRF:14
BRH:0
end_of_record
TN:
SF:/home/runner/work/mrf345.github.io/mrf345.github.io/src/state/store.ts
FN:21,(anonymous_0)
FNF:1
FNH:0
FNDA:0,(anonymous_0)
DA:14,0
DA:15,0
DA:16,0
DA:17,0
DA:20,0
DA:21,0
LF:6
LH:0
BRDA:15,0,0,0
BRDA:15,0,1,0
BRF:2
BRH:0
end_of_record
